<?xml version="1.0" encoding="UTF-8"?>
<!-- Generated by org.testng.reporters.JUnitReportReporter -->
<testsuite hostname="HP-4540S" name="com.example.tests.TestFolderCreation" tests="3" failures="0" timestamp="13 Apr 2014 15:07:03 GMT" time="13.440" errors="0">
  <testcase name="testVariousFoldersCreation" time="6.314" classname="com.example.tests.TestFolderCreation"/>
  <testcase name="testFolderCreation" time="3.779" classname="com.example.tests.TestFolderCreation"/>
  <testcase name="testFoldersWithSameNameCreation" time="3.347" classname="com.example.tests.TestFolderCreation"/>
</testsuite> <!-- com.example.tests.TestFolderCreation -->
