<?xml version="1.0" encoding="UTF-8"?>
<!-- Generated by org.testng.reporters.JUnitReportReporter -->
<testsuite hostname="HP-4540S" name="com.example.tests.GroupCreationTest" tests="3" failures="0" timestamp="1 May 2014 12:34:28 GMT" time="29.063" errors="0">
  <testcase name="testGroupCreationWithValidData" time="4.891" classname="com.example.tests.GroupCreationTest"/>
  <testcase name="testGroupCreationWithValidData" time="5.089" classname="com.example.tests.GroupCreationTest"/>
  <testcase name="testGroupCreationWithValidData" time="19.083" classname="com.example.tests.GroupCreationTest"/>
</testsuite> <!-- com.example.tests.GroupCreationTest -->
