<?xml version="1.0" encoding="UTF-8"?>
<!-- Generated by org.testng.reporters.JUnitReportReporter -->
<testsuite hostname="HP-4540S" name="com.example.tests.ContactRemovalTest" tests="1" failures="0" timestamp="17 Mar 2014 16:45:41 GMT" time="5.300" errors="0">
  <testcase name="deleteSomeContact" time="5.300" classname="com.example.tests.ContactRemovalTest"/>
</testsuite> <!-- com.example.tests.ContactRemovalTest -->
