<?xml version="1.0" encoding="UTF-8"?>
<!-- Generated by org.testng.reporters.JUnitReportReporter -->
<testsuite hostname="HP-4540S" name="com.example.tests.ContactCreationTest" tests="2" failures="0" timestamp="24 Mar 2014 14:16:36 GMT" time="24.215" errors="0">
  <testcase name="ContactCreationWithValidData" time="8.894" classname="com.example.tests.ContactCreationTest"/>
  <testcase name="ContactCreationWithValidData" time="15.321" classname="com.example.tests.ContactCreationTest"/>
</testsuite> <!-- com.example.tests.ContactCreationTest -->
