<?xml version="1.0" encoding="UTF-8"?>
<!-- Generated by org.testng.reporters.JUnitReportReporter -->
<testsuite hostname="HP-4540S" name="com.example.tests.ContactModificationTest" tests="2" failures="0" timestamp="26 Mar 2014 09:35:14 GMT" time="89.462" errors="0">
  <testcase name="modifySomeContact" time="38.557" classname="com.example.tests.ContactModificationTest"/>
  <testcase name="modifySomeContact" time="50.905" classname="com.example.tests.ContactModificationTest"/>
</testsuite> <!-- com.example.tests.ContactModificationTest -->
