<?xml version="1.0" encoding="UTF-8"?>
<!-- Generated by org.testng.reporters.JUnitReportReporter -->
<testsuite hostname="HP-4540S" name="com.example.tests.ContactModificationTest" tests="1" failures="0" timestamp="17 Mar 2014 16:45:41 GMT" time="5.224" errors="0">
  <testcase name="modifySomeContact" time="5.224" classname="com.example.tests.ContactModificationTest"/>
</testsuite> <!-- com.example.tests.ContactModificationTest -->
