<?xml version="1.0" encoding="UTF-8"?>
<!-- Generated by org.testng.reporters.JUnitReportReporter -->
<testsuite hostname="HP-4540S" name="com.example.tests.GroupRemovalTests" tests="1" failures="0" timestamp="18 Mar 2014 09:29:39 GMT" time="8.103" errors="0">
  <testcase name="deleteSomeGroup" time="8.103" classname="com.example.tests.GroupRemovalTests"/>
</testsuite> <!-- com.example.tests.GroupRemovalTests -->
