<?xml version="1.0" encoding="UTF-8"?>
<!-- Generated by org.testng.reporters.JUnitReportReporter -->
<testsuite hostname="HP-4540S" name="com.example.tests.GroupModificationTests" tests="5" failures="0" timestamp="18 Mar 2014 13:09:15 GMT" time="37.721" errors="0">
  <testcase name="modifySomeGroup" time="7.655" classname="com.example.tests.GroupModificationTests"/>
  <testcase name="modifySomeGroup" time="6.942" classname="com.example.tests.GroupModificationTests"/>
  <testcase name="modifySomeGroup" time="9.621" classname="com.example.tests.GroupModificationTests"/>
  <testcase name="modifySomeGroup" time="6.709" classname="com.example.tests.GroupModificationTests"/>
  <testcase name="modifySomeGroup" time="6.794" classname="com.example.tests.GroupModificationTests"/>
</testsuite> <!-- com.example.tests.GroupModificationTests -->
