<?xml version="1.0" encoding="UTF-8"?>
<!-- Generated by org.testng.reporters.JUnitReportReporter -->
<testsuite hostname="HP-4540S" name="com.example.tests.ContactCreationTest" tests="2" failures="0" timestamp="2 May 2014 07:18:03 GMT" time="20.908" errors="0">
  <testcase name="ContactCreationWithValidData" time="4.814" classname="com.example.tests.ContactCreationTest"/>
  <testcase name="ContactCreationWithValidData" time="16.094" classname="com.example.tests.ContactCreationTest"/>
</testsuite> <!-- com.example.tests.ContactCreationTest -->
