<?xml version="1.0" encoding="UTF-8"?>
<!-- Generated by org.testng.reporters.JUnitReportReporter -->
<testsuite hostname="HP-4540S" name="com.example.tests.ContactRemovalTest" tests="1" failures="0" timestamp="26 Mar 2014 09:36:28 GMT" time="11.273" errors="0">
  <testcase name="deleteSomeContact" time="11.273" classname="com.example.tests.ContactRemovalTest"/>
</testsuite> <!-- com.example.tests.ContactRemovalTest -->
