<?xml version="1.0" encoding="UTF-8"?>
<!-- Generated by org.testng.reporters.JUnitReportReporter -->
<testsuite hostname="HP-4540S" name="com.example.tests.TestContactDeleting" tests="1" failures="0" timestamp="28 Apr 2014 06:34:23 GMT" time="3.931" errors="0">
  <testcase name="shouldDeleteContact" time="3.931" classname="com.example.tests.TestContactDeleting"/>
</testsuite> <!-- com.example.tests.TestContactDeleting -->
