<?xml version="1.0" encoding="UTF-8"?>
<!-- Generated by org.testng.reporters.JUnitReportReporter -->
<testsuite hostname="HP-4540S" name="com.example.tests.TestContactDeleting" tests="1" failures="0" timestamp="24 Apr 2014 15:07:46 GMT" time="2.603" errors="0">
  <testcase name="shouldDeleteContact" time="2.603" classname="com.example.tests.TestContactDeleting"/>
</testsuite> <!-- com.example.tests.TestContactDeleting -->
