<?xml version="1.0" encoding="UTF-8"?>
<!-- Generated by org.testng.reporters.JUnitReportReporter -->
<testsuite hostname="HP-4540S" name="com.example.tests.TestContactCreation" tests="1" failures="0" timestamp="21 Apr 2014 10:31:07 GMT" time="3005.221" errors="0">
  <testcase name="shouldCreateContactWithValidData" time="3005.221" classname="com.example.tests.TestContactCreation"/>
</testsuite> <!-- com.example.tests.TestContactCreation -->
