<?xml version="1.0" encoding="UTF-8"?>
<!-- Generated by org.testng.reporters.JUnitReportReporter -->
<testsuite hostname="HP-4540S" name="com.example.tests.lesson1addressbook" tests="2" failures="0" timestamp="2 Mar 2014 21:26:51 GMT" time="13.638" errors="0">
  <testcase name="testNonEmptyGroupCreation" time="6.584" classname="com.example.tests.lesson1addressbook"/>
  <testcase name="testEmptyGroupCreation" time="7.054" classname="com.example.tests.lesson1addressbook"/>
</testsuite> <!-- com.example.tests.lesson1addressbook -->
